<?xml version="1.0" encoding="UTF-8"?>
<testsuite name="com.example.servingwebcontent.ServingWebContentApplicationTests" tests="1" skipped="0" failures="0" errors="0" timestamp="2023-09-14T23:29:52" hostname="SISTEMAS21" time="0.929">
  <properties/>
  <testcase name="contextLoads()" classname="com.example.servingwebcontent.ServingWebContentApplicationTests" time="0.929"/>
  <system-out><![CDATA[18:29:50.297 [Test worker] INFO org.springframework.test.context.support.AnnotationConfigContextLoaderUtils -- Could not detect default configuration classes for test class [com.example.servingwebcontent.ServingWebContentApplicationTests]: ServingWebContentApplicationTests does not declare any static, non-private, non-final, nested classes annotated with @Configuration.
18:29:50.450 [Test worker] INFO org.springframework.boot.test.context.SpringBootTestContextBootstrapper -- Found @SpringBootConfiguration com.example.servingwebcontent.ServingWebContentApplication for test class com.example.servingwebcontent.ServingWebContentApplicationTests

  .   ____          _            __ _ _
 /\\ / ___'_ __ _ _(_)_ __  __ _ \ \ \ \
( ( )\___ | '_ | '_| | '_ \/ _` | \ \ \ \
 \\/  ___)| |_)| | | | | || (_| |  ) ) ) )
  '  |____| .__|_| |_|_| |_\__, | / / / /
 =========|_|==============|___/=/_/_/_/
 :: Spring Boot ::                (v3.1.0)

2023-09-14T18:29:50.984-05:00  INFO 7236 --- [    Test worker] c.e.s.ServingWebContentApplicationTests  : Starting ServingWebContentApplicationTests using Java 17.0.6 with PID 7236 (started by sergio.lopez-v in C:\Users\sergio.lopez-v\Documents\lab5\gs-serving-web-content\initial)
2023-09-14T18:29:50.986-05:00  INFO 7236 --- [    Test worker] c.e.s.ServingWebContentApplicationTests  : No active profile set, falling back to 1 default profile: "default"
2023-09-14T18:29:52.213-05:00  INFO 7236 --- [    Test worker] o.s.b.a.w.s.WelcomePageHandlerMapping    : Adding welcome page: class path resource [static/index.html]
2023-09-14T18:29:52.414-05:00  INFO 7236 --- [    Test worker] c.e.s.ServingWebContentApplicationTests  : Started ServingWebContentApplicationTests in 1.746 seconds (process running for 3.121)
]]></system-out>
  <system-err><![CDATA[]]></system-err>
</testsuite>
